<?xml version="1.0" encoding="UTF-8"?>
<testng-results total="1" passed="1" failed="0" skipped="0">
  <reporter-output>
  </reporter-output>
  <suite started-at="2024-07-09T09:20:22Z" name="Suite" finished-at="2024-07-09T09:20:36Z" duration-ms="14150">
    <groups>
    </groups>
    <test started-at="2024-07-09T09:20:22Z" name="Test" finished-at="2024-07-09T09:20:36Z" duration-ms="14150">
      <class name="scripts.SeleniumTest">
        <test-method signature="emiCalculation()[pri:0, instance:scripts.SeleniumTest@106cc338]" started-at="2024-07-09T14:50:22Z" name="emiCalculation" finished-at="2024-07-09T14:50:36Z" duration-ms="14139" status="PASS">
          <reporter-output>
          </reporter-output>
        </test-method> <!-- emiCalculation -->
      </class> <!-- scripts.SeleniumTest -->
    </test> <!-- Test -->
  </suite> <!-- Suite -->
</testng-results>
