<?xml version="1.0" encoding="UTF-8"?>
<testng-results ignored="0" total="1" passed="1" failed="0" skipped="0">
  <reporter-output>
  </reporter-output>
  <suite started-at="2024-07-09T14:43:56 IST" name="Suite" finished-at="2024-07-09T14:44:14 IST" duration-ms="17814">
    <groups>
    </groups>
    <test started-at="2024-07-09T14:43:56 IST" name="Test" finished-at="2024-07-09T14:44:14 IST" duration-ms="17814">
      <class name="scripts.SeleniumTest">
        <test-method signature="emiCalculation()[pri:0, instance:scripts.SeleniumTest@52af26ee]" started-at="2024-07-09T14:43:56 IST" name="emiCalculation" finished-at="2024-07-09T14:44:14 IST" duration-ms="17767" status="PASS">
          <reporter-output>
          </reporter-output>
        </test-method> <!-- emiCalculation -->
      </class> <!-- scripts.SeleniumTest -->
    </test> <!-- Test -->
  </suite> <!-- Suite -->
</testng-results>
